-- CMAKE_CURRENT_BINARY_DIR=/home/z203/DataFiles/Experiments/npu-tts-workdir/flash-attention-op/build/cmake
-- CMAKE_CURRENT_SOURCE_DIR=/home/z203/DataFiles/Experiments/npu-tts-workdir/flash-attention-op
-- The C compiler identification is GNU 11.3.0
-- The CXX compiler identification is GNU 11.3.0
-- Detecting C compiler ABI info
-- Detecting C compiler ABI info - done
-- Check for working C compiler: /usr/bin/cc - skipped
-- Detecting C compile features
-- Detecting C compile features - done
-- Detecting CXX compiler ABI info
-- Detecting CXX compiler ABI info - done
-- Check for working CXX compiler: /usr/bin/c++ - skipped
-- Detecting CXX compile features
-- Detecting CXX compile features - done
-- ASCEND_TENSOR_COMPILER_INCLUDE=/usr/local/Ascend/compiler/include
-- SYSTEM_NAME=ubuntu
-- SYSTEM_INFO=ubuntu_x86_64
-- RUN_TARGET=custom_opp_ubuntu_x86_64.run
-- OUT_DIR=/home/z203/DataFiles/Experiments/npu-tts-workdir/flash-attention-op/build/cmake/makepkg
-- OP_COMMON_INC=
-- SRCS = ./flash_attention_plugin.cc
-- OP_PROTO_TARGET=cust_op_proto
-- OUTPUT_FILES=aic-ascend310-ops-info.json
-- operation system is Linux
-- AICPU_CONFIG_INFO_FLAG=
-- ALL_MODULES=cust_op_proto;optiling;op_impl;cust_onnx_parsers
-- Configuring done
-- Generating done
-- Build files have been written to: /home/z203/DataFiles/Experiments/npu-tts-workdir/flash-attention-op/build/cmake
